WhatWeb report for [1m[34mhttp://10.10.10.24[0m
Status    : 200 OK
Title     : [1m[33mHTB Hairdresser[0m
IP        : 10.10.10.24
Country   : [1m[31mRESERVED, ZZ[0m

Summary   : [1mnginx[0m[[1m[32m1.10.0[0m], [1mHTML5[0m, [1mHTTPServer[0m[[1m[31mUbuntu Linux[0m][[1m[36mnginx/1.10.0 (Ubuntu)[0m]

Detected Plugins:
[ [1mHTML5[0m ]
	HTML version 5, detected by the doctype declaration 


[ [1mHTTPServer[0m ]
	HTTP server header string. This plugin also attempts to 
	identify the operating system from the server header. 

	OS           : [1m[31mUbuntu Linux[0m
	String       : [1m[36mnginx/1.10.0 (Ubuntu)[0m (from server string)

[ [1mnginx[0m ]
	Nginx (Engine-X) is a free, open-source, high-performance 
	HTTP server and reverse proxy, as well as an IMAP/POP3 
	proxy server. 

	Version      : [1m[32m1.10.0[0m
	Website     : http://nginx.net/

HTTP Headers:
	HTTP/1.1 200 OK
	Server: nginx/1.10.0 (Ubuntu)
	Date: Fri, 07 Jan 2022 19:21:48 GMT
	Content-Type: text/html
	Last-Modified: Mon, 15 May 2017 10:33:52 GMT
	Transfer-Encoding: chunked
	Connection: close
	ETag: W/"59198410-90"
	Content-Encoding: gzip
	
