Starting enum4linux v0.8.9 ( http://labs.portcullis.co.uk/application/enum4linux/ ) on Wed Nov 24 23:26:57 2021

 ========================== 
|    Target Information    |
 ========================== 
Target ........... 10.10.10.4
RID Range ........ 500-550,1000-1050
Username ......... ''
Password ......... ''
Known Usernames .. administrator, guest, krbtgt, domain admins, root, bin, none


 ================================================== 
|    Enumerating Workgroup/Domain on 10.10.10.4    |
 ================================================== 
[+] Got domain/workgroup name: HTB

 ========================================== 
|    Nbtstat Information for 10.10.10.4    |
 ========================================== 
Looking up status of 10.10.10.4
	LEGACY          <00> -         B <ACTIVE>  Workstation Service
	HTB             <00> - <GROUP> B <ACTIVE>  Domain/Workgroup Name
	LEGACY          <20> -         B <ACTIVE>  File Server Service
	HTB             <1e> - <GROUP> B <ACTIVE>  Browser Service Elections
	HTB             <1d> -         B <ACTIVE>  Master Browser
	..__MSBROWSE__. <01> - <GROUP> B <ACTIVE>  Master Browser

	MAC Address = 00-50-56-B9-D7-05

 =================================== 
|    Session Check on 10.10.10.4    |
 =================================== 
[+] Server 10.10.10.4 allows sessions using username '', password ''

 =================================================== 
|    Getting information via LDAP for 10.10.10.4    |
 =================================================== 
[E] Connection error

 ========================================= 
|    Getting domain SID for 10.10.10.4    |
 ========================================= 
Could not initialise lsarpc. Error was NT_STATUS_ACCESS_DENIED
[+] Can't determine if host is part of domain or part of a workgroup

 ==================================== 
|    OS information on 10.10.10.4    |
 ==================================== 
[+] Got OS info for 10.10.10.4 from smbclient: 
[+] Got OS info for 10.10.10.4 from srvinfo:
Could not initialise srvsvc. Error was NT_STATUS_ACCESS_DENIED

 =========================== 
|    Users on 10.10.10.4    |
 =========================== 
[E] Couldn't find users using querydispinfo: NT_STATUS_ACCESS_DENIED

[E] Couldn't find users using enumdomusers: NT_STATUS_ACCESS_DENIED

 ========================================= 
|    Machine Enumeration on 10.10.10.4    |
 ========================================= 
[E] Internal error.  Not implmented in this version of enum4linux.

 ======================================= 
|    Share Enumeration on 10.10.10.4    |
 ======================================= 
[E] Can't list shares: NT_STATUS_ACCESS_DENIED

[+] Attempting to map shares on 10.10.10.4

 ================================================== 
|    Password Policy Information for 10.10.10.4    |
 ================================================== 
[E] Unexpected error from polenum:


[+] Attaching to 10.10.10.4 using a NULL share

[+] Trying protocol 139/SMB...

	[!] Protocol failed: Cannot request session (Called Name:10.10.10.4)

[+] Trying protocol 445/SMB...

	[!] Protocol failed: SMB SessionError: STATUS_ACCESS_DENIED({Access Denied} A process has requested access to an object but has not been granted those access rights.)


[E] Failed to get password policy with rpcclient


 ============================ 
|    Groups on 10.10.10.4    |
 ============================ 

[+] Getting builtin groups:

[+] Getting builtin group memberships:

[+] Getting local groups:

[+] Getting local group memberships:

[+] Getting domain groups:

[+] Getting domain group memberships:

 ===================================================================== 
|    Users on 10.10.10.4 via RID cycling (RIDS: 500-550,1000-1050)    |
 ===================================================================== 
[E] Couldn't get SID: NT_STATUS_ACCESS_DENIED.  RID cycling not possible.

 =========================================== 
|    Getting printer info for 10.10.10.4    |
 =========================================== 
No printers returned.


enum4linux complete on Wed Nov 24 23:29:13 2021

