WhatWeb report for [1m[34mhttp://10.10.10.88[0m
Status    : 200 OK
Title     : [1m[33mLanding Page[0m
IP        : 10.10.10.88
Country   : [1m[31mRESERVED, ZZ[0m

Summary   : [1mApache[0m[[1m[32m2.4.18[0m], [1mHTML5[0m, [1mHTTPServer[0m[[1m[31mUbuntu Linux[0m][[1m[36mApache/2.4.18 (Ubuntu)[0m]

Detected Plugins:
[ [1mApache[0m ]
	The Apache HTTP Server Project is an effort to develop and 
	maintain an open-source HTTP server for modern operating 
	systems including UNIX and Windows NT. The goal of this 
	project is to provide a secure, efficient and extensible 
	server that provides HTTP services in sync with the current 
	HTTP standards. 

	Version      : [1m[32m2.4.18[0m (from HTTP Server Header)
	Google Dorks: (3)
	Website     : http://httpd.apache.org/

[ [1mHTML5[0m ]
	HTML version 5, detected by the doctype declaration 


[ [1mHTTPServer[0m ]
	HTTP server header string. This plugin also attempts to 
	identify the operating system from the server header. 

	OS           : [1m[31mUbuntu Linux[0m
	String       : [1m[36mApache/2.4.18 (Ubuntu)[0m (from server string)

HTTP Headers:
	HTTP/1.1 200 OK
	Date: Wed, 25 Aug 2021 00:40:52 GMT
	Server: Apache/2.4.18 (Ubuntu)
	Last-Modified: Wed, 21 Feb 2018 20:31:20 GMT
	ETag: "2a0e-565becf5ff08d-gzip"
	Accept-Ranges: bytes
	Vary: Accept-Encoding
	Content-Encoding: gzip
	Content-Length: 2146
	Connection: close
	Content-Type: text/html
	
