WhatWeb report for [1m[34mhttps://friendzone.red/js/js[0m
Status    : 301 Moved Permanently
Title     : [1m[33m301 Moved Permanently[0m
IP        : 10.10.10.123
Country   : [1m[31mRESERVED, ZZ[0m

Summary   : [1mApache[0m[[1m[32m2.4.29[0m], [1mHTTPServer[0m[[1m[31mUbuntu Linux[0m][[1m[36mApache/2.4.29 (Ubuntu)[0m], [1mRedirectLocation[0m[[0m[22mhttps://friendzone.red/js/js/[0m]

Detected Plugins:
[ [1mApache[0m ]
	The Apache HTTP Server Project is an effort to develop and 
	maintain an open-source HTTP server for modern operating 
	systems including UNIX and Windows NT. The goal of this 
	project is to provide a secure, efficient and extensible 
	server that provides HTTP services in sync with the current 
	HTTP standards. 

	Version      : [1m[32m2.4.29[0m (from HTTP Server Header)
	Google Dorks: (3)
	Website     : http://httpd.apache.org/

[ [1mHTTPServer[0m ]
	HTTP server header string. This plugin also attempts to 
	identify the operating system from the server header. 

	OS           : [1m[31mUbuntu Linux[0m
	String       : [1m[36mApache/2.4.29 (Ubuntu)[0m (from server string)

[ [1mRedirectLocation[0m ]
	HTTP Server string location. used with http-status 301 and 
	302 

	String       : [1m[36mhttps://friendzone.red/js/js/[0m (from location)

HTTP Headers:
	HTTP/1.1 301 Moved Permanently
	Date: Sun, 10 Apr 2022 21:39:59 GMT
	Server: Apache/2.4.29 (Ubuntu)
	Location: https://friendzone.red/js/js/
	Content-Length: 318
	Connection: close
	Content-Type: text/html; charset=iso-8859-1
	
WhatWeb report for [1m[34mhttps://friendzone.red/js/js/[0m
Status    : 200 OK
Title     : [1m[33m<None>[0m
IP        : 10.10.10.123
Country   : [1m[31mRESERVED, ZZ[0m

Summary   : [1mCookies[0m[[0m[22mzonedman[0m], [1mHTTPServer[0m[[1m[31mUbuntu Linux[0m][[1m[36mApache/2.4.29 (Ubuntu)[0m]

Detected Plugins:
[ [1mCookies[0m ]
	Display the names of cookies in the HTTP headers. The 
	values are not returned to save on space. 

	String       : [1m[36mzonedman[0m

[ [1mHTTPServer[0m ]
	HTTP server header string. This plugin also attempts to 
	identify the operating system from the server header. 

	OS           : [1m[31mUbuntu Linux[0m
	String       : [1m[36mApache/2.4.29 (Ubuntu)[0m (from server string)

HTTP Headers:
	HTTP/1.1 200 OK
	Date: Sun, 10 Apr 2022 21:40:24 GMT
	Server: Apache/2.4.29 (Ubuntu)
	Set-Cookie: zonedman=justgotzoned; expires=Sun, 10-Apr-2022 22:40:24 GMT; Max-Age=3600
	Vary: Accept-Encoding
	Content-Encoding: gzip
	Content-Length: 183
	Connection: close
	Content-Type: text/html; charset=UTF-8
	
