WhatWeb report for [1m[34mhttps://friendzone.red[0m
Status    : 200 OK
Title     : [1m[33mFriendZone escape software[0m
IP        : 10.10.10.123
Country   : [1m[31mRESERVED, ZZ[0m

Summary   : [1mApache[0m[[1m[32m2.4.29[0m], [1mHTTPServer[0m[[1m[31mUbuntu Linux[0m][[1m[36mApache/2.4.29 (Ubuntu)[0m]

Detected Plugins:
[ [1mApache[0m ]
	The Apache HTTP Server Project is an effort to develop and 
	maintain an open-source HTTP server for modern operating 
	systems including UNIX and Windows NT. The goal of this 
	project is to provide a secure, efficient and extensible 
	server that provides HTTP services in sync with the current 
	HTTP standards. 

	Version      : [1m[32m2.4.29[0m (from HTTP Server Header)
	Google Dorks: (3)
	Website     : http://httpd.apache.org/

[ [1mHTTPServer[0m ]
	HTTP server header string. This plugin also attempts to 
	identify the operating system from the server header. 

	OS           : [1m[31mUbuntu Linux[0m
	String       : [1m[36mApache/2.4.29 (Ubuntu)[0m (from server string)

HTTP Headers:
	HTTP/1.1 200 OK
	Date: Sun, 10 Apr 2022 21:27:53 GMT
	Server: Apache/2.4.29 (Ubuntu)
	Last-Modified: Fri, 05 Oct 2018 21:18:21 GMT
	ETag: "ee-57781cf9aaa2d-gzip"
	Accept-Ranges: bytes
	Vary: Accept-Encoding
	Content-Encoding: gzip
	Content-Length: 176
	Connection: close
	Content-Type: text/html
	
