WhatWeb report for [1m[34mhttp://10.10.10.220:5080[0m
Status    : 302 Found
Title     : [1m[33m<None>[0m
IP        : 10.10.10.220
Country   : [1m[31mRESERVED, ZZ[0m

Summary   : [1mnginx[0m, [1mX-XSS-Protection[0m[[0m[22m1; mode=block[0m], [1mUncommonHeaders[0m[[0m[22mx-content-type-options,x-request-id[0m], [1mX-Frame-Options[0m[[0m[22mDENY[0m], [1mRedirectLocation[0m[[0m[22mhttp://10.10.10.220:5080/users/sign_in[0m], [1mHTTPServer[0m[[1m[36mnginx[0m], [1mX-UA-Compatible[0m[[0m[22mIE=edge[0m], [1mStrict-Transport-Security[0m[[0m[22mmax-age=31536000[0m]

Detected Plugins:
[ [1mHTTPServer[0m ]
	HTTP server header string. This plugin also attempts to 
	identify the operating system from the server header. 

	String       : [1m[36mnginx[0m (from server string)

[ [1mRedirectLocation[0m ]
	HTTP Server string location. used with http-status 301 and 
	302 

	String       : [1m[36mhttp://10.10.10.220:5080/users/sign_in[0m (from location)

[ [1mStrict-Transport-Security[0m ]
	Strict-Transport-Security is an HTTP header that restricts 
	a web browser from accessing a website without the security 
	of the HTTPS protocol. 

	String       : [1m[36mmax-age=31536000[0m

[ [1mUncommonHeaders[0m ]
	Uncommon HTTP server headers. The blacklist includes all 
	the standard headers and many non standard but common ones. 
	Interesting but fairly common headers should have their own 
	plugins, eg. x-powered-by, server and x-aspnet-version. 
	Info about headers can be found at www.http-stats.com 

	String       : [1m[36mx-content-type-options,x-request-id[0m (from headers)

[ [1mX-Frame-Options[0m ]
	This plugin retrieves the X-Frame-Options value from the 
	HTTP header. - More Info: 
	http://msdn.microsoft.com/en-us/library/cc288472%28VS.85%29.
	aspx

	String       : [1m[36mDENY[0m

[ [1mX-UA-Compatible[0m ]
	This plugin retrieves the X-UA-Compatible value from the 
	HTTP header and meta http-equiv tag. - More Info: 
	http://msdn.microsoft.com/en-us/library/cc817574.aspx 

	String       : [1m[36mIE=edge[0m

[ [1mX-XSS-Protection[0m ]
	This plugin retrieves the X-XSS-Protection value from the 
	HTTP header. - More Info: 
	http://msdn.microsoft.com/en-us/library/cc288472%28VS.85%29.
	aspx

	String       : [1m[36m1; mode=block[0m

[ [1mnginx[0m ]
	Nginx (Engine-X) is a free, open-source, high-performance 
	HTTP server and reverse proxy, as well as an IMAP/POP3 
	proxy server. 

	Website     : http://nginx.net/

HTTP Headers:
	HTTP/1.1 302 Found
	Server: nginx
	Date: Mon, 16 Aug 2021 02:24:00 GMT
	Content-Type: text/html; charset=utf-8
	Content-Length: 104
	Connection: close
	Cache-Control: no-cache
	Location: http://10.10.10.220:5080/users/sign_in
	X-Content-Type-Options: nosniff
	X-Frame-Options: DENY
	X-Request-Id: 2037e42d-f541-4759-a87b-809a644642c2
	X-Runtime: 0.014673
	X-Ua-Compatible: IE=edge
	X-Xss-Protection: 1; mode=block
	Strict-Transport-Security: max-age=31536000
	
WhatWeb report for [1m[34mhttp://10.10.10.220:5080/users/sign_in[0m
Status    : 200 OK
Title     : [1m[33mSign in · GitLab[0m
IP        : 10.10.10.220
Country   : [1m[31mRESERVED, ZZ[0m

Summary   : [1mnginx[0m, [1mHttpOnly[0m[[0m[22m_gitlab_session[0m], [1mScript[0m, [1mX-XSS-Protection[0m[[0m[22m1; mode=block[0m], [1mUncommonHeaders[0m[[0m[22mx-content-type-options,x-request-id[0m], [1mX-Frame-Options[0m[[0m[22mDENY[0m], [1mHTML5[0m, [1mHTTPServer[0m[[1m[36mnginx[0m], [1mOpen-Graph-Protocol[0m, [1mPasswordField[0m[[0m[22mnew_user[password],user[password][0m], [1mX-UA-Compatible[0m[[0m[22mIE=edge[0m], [1mStrict-Transport-Security[0m[[0m[22mmax-age=31536000[0m], [1mCookies[0m[[0m[22m_gitlab_session[0m]

Detected Plugins:
[ [1mCookies[0m ]
	Display the names of cookies in the HTTP headers. The 
	values are not returned to save on space. 

	String       : [1m[36m_gitlab_session[0m

[ [1mHTML5[0m ]
	HTML version 5, detected by the doctype declaration 


[ [1mHTTPServer[0m ]
	HTTP server header string. This plugin also attempts to 
	identify the operating system from the server header. 

	String       : [1m[36mnginx[0m (from server string)

[ [1mHttpOnly[0m ]
	If the HttpOnly flag is included in the HTTP set-cookie 
	response header and the browser supports it then the cookie 
	cannot be accessed through client side script - More Info: 
	http://en.wikipedia.org/wiki/HTTP_cookie 

	String       : [1m[36m_gitlab_session[0m

[ [1mOpen-Graph-Protocol[0m ]
	The Open Graph protocol enables you to integrate your Web 
	pages into the social graph. It is currently designed for 
	Web pages representing profiles of real-world things . 
	things like movies, sports teams, celebrities, and 
	restaurants. Including Open Graph tags on your Web page, 
	makes your page equivalent to a Facebook Page. 


[ [1mPasswordField[0m ]
	find password fields 

	String       : [1m[36muser[password][0m (from field name)
	String       : [1m[36mnew_user[password][0m (from field name)

[ [1mScript[0m ]
	This plugin detects instances of script HTML elements and 
	returns the script language/type. 


[ [1mStrict-Transport-Security[0m ]
	Strict-Transport-Security is an HTTP header that restricts 
	a web browser from accessing a website without the security 
	of the HTTPS protocol. 

	String       : [1m[36mmax-age=31536000[0m

[ [1mUncommonHeaders[0m ]
	Uncommon HTTP server headers. The blacklist includes all 
	the standard headers and many non standard but common ones. 
	Interesting but fairly common headers should have their own 
	plugins, eg. x-powered-by, server and x-aspnet-version. 
	Info about headers can be found at www.http-stats.com 

	String       : [1m[36mx-content-type-options,x-request-id[0m (from headers)

[ [1mX-Frame-Options[0m ]
	This plugin retrieves the X-Frame-Options value from the 
	HTTP header. - More Info: 
	http://msdn.microsoft.com/en-us/library/cc288472%28VS.85%29.
	aspx

	String       : [1m[36mDENY[0m

[ [1mX-UA-Compatible[0m ]
	This plugin retrieves the X-UA-Compatible value from the 
	HTTP header and meta http-equiv tag. - More Info: 
	http://msdn.microsoft.com/en-us/library/cc817574.aspx 

	String       : [1m[36mIE=edge[0m

[ [1mX-XSS-Protection[0m ]
	This plugin retrieves the X-XSS-Protection value from the 
	HTTP header. - More Info: 
	http://msdn.microsoft.com/en-us/library/cc288472%28VS.85%29.
	aspx

	String       : [1m[36m1; mode=block[0m

[ [1mnginx[0m ]
	Nginx (Engine-X) is a free, open-source, high-performance 
	HTTP server and reverse proxy, as well as an IMAP/POP3 
	proxy server. 

	Website     : http://nginx.net/

HTTP Headers:
	HTTP/1.1 200 OK
	Server: nginx
	Date: Mon, 16 Aug 2021 02:24:02 GMT
	Content-Type: text/html; charset=utf-8
	Transfer-Encoding: chunked
	Connection: close
	Vary: Accept-Encoding
	Cache-Control: max-age=0, private, must-revalidate
	Etag: W/"3945c964ebf4fc95b2da6b8363666c70"
	Set-Cookie: _gitlab_session=2f6a234a935c3c0892773197c0aec9f4; path=/; expires=Mon, 16 Aug 2021 04:24:02 -0000; HttpOnly
	X-Content-Type-Options: nosniff
	X-Frame-Options: DENY
	X-Request-Id: 0003f4e9-31dc-4951-869a-72c26e14c68f
	X-Runtime: 0.858168
	X-Ua-Compatible: IE=edge
	X-Xss-Protection: 1; mode=block
	Strict-Transport-Security: max-age=31536000
	Content-Encoding: gzip
	
